<?xml version="1.0" encoding="UTF-8"?>
<!-- Generated by org.testng.reporters.JUnitReportReporter -->
<testsuite hostname="Sciencefreek" failures="0" tests="1" name="coursera.tests.SignupTest1" time="16.175" errors="0" timestamp="2023-12-19T16:56:36 IST" skipped="0">
  <testcase classname="coursera.tests.SignupTest1" name="signupTest" time="16.175"/>
  <system-out/>
</testsuite> <!-- coursera.tests.SignupTest1 -->
