<?xml version="1.0" encoding="UTF-8"?>
<!-- Generated by org.testng.reporters.JUnitReportReporter -->
<testsuite hostname="Sciencefreek" failures="0" tests="1" name="binance.tests.SignupTest1" time="99.043" errors="0" timestamp="2023-12-19T10:21:39 IST" skipped="0">
  <testcase classname="binance.tests.SignupTest1" name="signupTest" time="99.043"/>
  <system-out/>
</testsuite> <!-- binance.tests.SignupTest1 -->
