<?xml version="1.0" encoding="UTF-8"?>
<!-- Generated by org.testng.reporters.JUnitReportReporter -->
<testsuite hostname="Sciencefreek" failures="0" tests="1" name="com.binance.tests.DemoTest" time="0.027" errors="0" timestamp="2023-12-16T12:17:43 IST" skipped="0">
  <testcase classname="com.binance.tests.DemoTest" name="signupTest1" time="0.027"/>
  <system-out/>
</testsuite> <!-- com.binance.tests.DemoTest -->
